Build started 9/11/2012 10:11:04 PM.
     1>Project "E:\cpp_projects\FinalOptimization\FinalOptimization\FinalOptimization.vcxproj" on node 2 (Build target(s)).
     1>ClCompile:
         C:\Program Files (x86)\Microsoft Visual Studio 11.0\VC\bin\CL.exe /c /Zi /nologo /W3 /WX- /O2 /Oi /Oy- /GL /D WIN32 /D NDEBUG /D _WINDOWS /D _MBCS /Gm- /EHsc /MD /GS /Gy /fp:precise /Zc:wchar_t /Zc:forScope /Fo"Release\\" /Fd"Release\vc110.pdb" /Gd /TP /analyze- /errorReport:prompt Entry.cpp
         Entry.cpp
     1>Entry.cpp(6): warning C4007: 'WinMain' : must be '__stdcall'
       Link:
         C:\Program Files (x86)\Microsoft Visual Studio 11.0\VC\bin\link.exe /ERRORREPORT:PROMPT /OUT:"E:\cpp_projects\FinalOptimization\Release\FinalOptimization.exe" /INCREMENTAL:NO /NOLOGO d3d11.lib d3dx11.lib kernel32.lib user32.lib gdi32.lib winspool.lib comdlg32.lib advapi32.lib shell32.lib ole32.lib oleaut32.lib uuid.lib odbc32.lib odbccp32.lib /MANIFEST /MANIFESTUAC:"level='asInvoker' uiAccess='false'" /manifest:embed /DEBUG /PDB:"E:\cpp_projects\FinalOptimization\Release\FinalOptimization.pdb" /SUBSYSTEM:WINDOWS /OPT:REF /OPT:ICF /LTCG /TLBID:1 /DYNAMICBASE /NXCOMPAT /IMPLIB:"E:\cpp_projects\FinalOptimization\Release\FinalOptimization.lib" /MACHINE:X86 /SAFESEH Release\FinalOptimization.res
         Release\Camera.obj
         Release\Entry.obj
         Release\FinalOptimization.obj
         Release\Game.obj
         Release\GameWindow.obj
         Release\RasterizerStateManager.obj
         Release\ShaderManager.obj
         Release\Terrain.obj
         Release\TextureManager.obj
         Generating code
         Finished generating code
         FinalOptimization.vcxproj -> E:\cpp_projects\FinalOptimization\Release\FinalOptimization.exe
     1>Done Building Project "E:\cpp_projects\FinalOptimization\FinalOptimization\FinalOptimization.vcxproj" (Build target(s)).

Build succeeded.

Time Elapsed 00:00:04.54
