E:\CPP_PROJECTS\FINALOPTIMIZATION\FINALOPTIMIZATION\RELEASE\TEXTUREMANAGER.OBJ
E:\CPP_PROJECTS\FINALOPTIMIZATION\FINALOPTIMIZATION\RELEASE\TERRAIN.OBJ
E:\CPP_PROJECTS\FINALOPTIMIZATION\FINALOPTIMIZATION\RELEASE\SHADERMANAGER.OBJ
E:\CPP_PROJECTS\FINALOPTIMIZATION\FINALOPTIMIZATION\RELEASE\RASTERIZERSTATEMANAGER.OBJ
E:\CPP_PROJECTS\FINALOPTIMIZATION\FINALOPTIMIZATION\RELEASE\GAMEWINDOW.OBJ
E:\CPP_PROJECTS\FINALOPTIMIZATION\FINALOPTIMIZATION\RELEASE\GAME.OBJ
E:\CPP_PROJECTS\FINALOPTIMIZATION\FINALOPTIMIZATION\RELEASE\FINALOPTIMIZATION.OBJ
E:\CPP_PROJECTS\FINALOPTIMIZATION\FINALOPTIMIZATION\RELEASE\ENTRY.OBJ
E:\CPP_PROJECTS\FINALOPTIMIZATION\FINALOPTIMIZATION\RELEASE\CAMERA.OBJ
E:\CPP_PROJECTS\FINALOPTIMIZATION\FINALOPTIMIZATION\RELEASE\VC110.PDB
E:\CPP_PROJECTS\FINALOPTIMIZATION\RELEASE\FINALOPTIMIZATION.EXE
E:\CPP_PROJECTS\FINALOPTIMIZATION\RELEASE\FINALOPTIMIZATION.PDB
E:\CPP_PROJECTS\FINALOPTIMIZATION\FINALOPTIMIZATION\RELEASE\FINALOPTIMIZATION.RES
E:\cpp_projects\FinalOptimization\FinalOptimization\Release\Camera.obj
E:\cpp_projects\FinalOptimization\FinalOptimization\Release\Entry.obj
E:\cpp_projects\FinalOptimization\FinalOptimization\Release\FinalOptimization.obj
E:\cpp_projects\FinalOptimization\FinalOptimization\Release\Game.obj
E:\cpp_projects\FinalOptimization\FinalOptimization\Release\GameWindow.obj
E:\cpp_projects\FinalOptimization\FinalOptimization\Release\RasterizerStateManager.obj
E:\cpp_projects\FinalOptimization\FinalOptimization\Release\ShaderManager.obj
E:\cpp_projects\FinalOptimization\FinalOptimization\Release\Terrain.obj
E:\cpp_projects\FinalOptimization\FinalOptimization\Release\TextureManager.obj
E:\cpp_projects\FinalOptimization\FinalOptimization\Release\cl.command.1.tlog
E:\cpp_projects\FinalOptimization\FinalOptimization\Release\CL.read.1.tlog
E:\cpp_projects\FinalOptimization\FinalOptimization\Release\CL.write.1.tlog
E:\cpp_projects\FinalOptimization\FinalOptimization\Release\link-cvtres.read.1.tlog
E:\cpp_projects\FinalOptimization\FinalOptimization\Release\link-cvtres.write.1.tlog
E:\cpp_projects\FinalOptimization\FinalOptimization\Release\link-rc.read.1.tlog
E:\cpp_projects\FinalOptimization\FinalOptimization\Release\link-rc.write.1.tlog
E:\cpp_projects\FinalOptimization\FinalOptimization\Release\link.command.1.tlog
E:\cpp_projects\FinalOptimization\FinalOptimization\Release\link.read.1.tlog
E:\cpp_projects\FinalOptimization\FinalOptimization\Release\link.write.1.tlog
E:\cpp_projects\FinalOptimization\FinalOptimization\Release\rc.command.1.tlog
E:\cpp_projects\FinalOptimization\FinalOptimization\Release\rc.read.1.tlog
E:\cpp_projects\FinalOptimization\FinalOptimization\Release\rc.write.1.tlog
E:\cpp_projects\FinalOptimization\FinalOptimization\Release\FinalOptimization.res
E:\cpp_projects\FinalOptimization\FinalOptimization\Release\vc110.pdb
E:\cpp_projects\FinalOptimization\Release\FinalOptimization.pdb
E:\cpp_projects\FinalOptimization\Release\FinalOptimization.exe
