Build started 9/11/2012 9:56:20 PM.
     1>Project "E:\cpp_projects\FinalOptimization\FinalOptimization\FinalOptimization.vcxproj" on node 2 (Build target(s)).
     1>ClCompile:
         C:\Program Files (x86)\Microsoft Visual Studio 11.0\VC\bin\CL.exe /c /ZI /nologo /W3 /WX- /Od /Oy- /D WIN32 /D _DEBUG /D _WINDOWS /D _MBCS /Gm /EHsc /RTC1 /MDd /GS /fp:precise /Zc:wchar_t /Zc:forScope /Fo"Debug\\" /Fd"Debug\vc110.pdb" /Gd /TP /analyze- /errorReport:prompt Entry.cpp
         Entry.cpp
       Link:
         C:\Program Files (x86)\Microsoft Visual Studio 11.0\VC\bin\link.exe /ERRORREPORT:PROMPT /OUT:"E:\cpp_projects\FinalOptimization\Debug\FinalOptimization.exe" /INCREMENTAL /NOLOGO d3d11.lib d3dx11.lib kernel32.lib user32.lib gdi32.lib winspool.lib comdlg32.lib advapi32.lib shell32.lib ole32.lib oleaut32.lib uuid.lib odbc32.lib odbccp32.lib /MANIFEST /MANIFESTUAC:"level='asInvoker' uiAccess='false'" /manifest:embed /DEBUG /PDB:"E:\cpp_projects\FinalOptimization\Debug\FinalOptimization.pdb" /SUBSYSTEM:CONSOLE /TLBID:1 /DYNAMICBASE /NXCOMPAT /IMPLIB:"E:\cpp_projects\FinalOptimization\Debug\FinalOptimization.lib" /MACHINE:X86 Debug\FinalOptimization.res
         Debug\Camera.obj
         Debug\Entry.obj
         Debug\FinalOptimization.obj
         Debug\Game.obj
         Debug\GameWindow.obj
         Debug\RasterizerStateManager.obj
         Debug\ShaderManager.obj
         Debug\Terrain.obj
         Debug\TextureManager.obj
         FinalOptimization.vcxproj -> E:\cpp_projects\FinalOptimization\Debug\FinalOptimization.exe
     1>Done Building Project "E:\cpp_projects\FinalOptimization\FinalOptimization\FinalOptimization.vcxproj" (Build target(s)).

Build succeeded.

Time Elapsed 00:00:03.58
