E:\CPP_PROJECTS\FINALOPTIMIZATION\FINALOPTIMIZATION\DEBUG\CAMERA.OBJ
E:\CPP_PROJECTS\FINALOPTIMIZATION\FINALOPTIMIZATION\DEBUG\ENTRY.OBJ
E:\CPP_PROJECTS\FINALOPTIMIZATION\FINALOPTIMIZATION\DEBUG\FINALOPTIMIZATION.OBJ
E:\CPP_PROJECTS\FINALOPTIMIZATION\FINALOPTIMIZATION\DEBUG\GAME.OBJ
E:\CPP_PROJECTS\FINALOPTIMIZATION\FINALOPTIMIZATION\DEBUG\GAMEWINDOW.OBJ
E:\CPP_PROJECTS\FINALOPTIMIZATION\FINALOPTIMIZATION\DEBUG\RASTERIZERSTATEMANAGER.OBJ
E:\CPP_PROJECTS\FINALOPTIMIZATION\FINALOPTIMIZATION\DEBUG\SHADERMANAGER.OBJ
E:\CPP_PROJECTS\FINALOPTIMIZATION\FINALOPTIMIZATION\DEBUG\TERRAIN.OBJ
E:\CPP_PROJECTS\FINALOPTIMIZATION\FINALOPTIMIZATION\DEBUG\TEXTUREMANAGER.OBJ
E:\CPP_PROJECTS\FINALOPTIMIZATION\FINALOPTIMIZATION\DEBUG\VC110.PDB
E:\CPP_PROJECTS\FINALOPTIMIZATION\DEBUG\FINALOPTIMIZATION.ILK
E:\CPP_PROJECTS\FINALOPTIMIZATION\DEBUG\FINALOPTIMIZATION.EXE
E:\CPP_PROJECTS\FINALOPTIMIZATION\DEBUG\FINALOPTIMIZATION.PDB
E:\CPP_PROJECTS\FINALOPTIMIZATION\FINALOPTIMIZATION\DEBUG\FINALOPTIMIZATION.RES
E:\cpp_projects\FinalOptimization\FinalOptimization\Debug\Camera.obj
E:\cpp_projects\FinalOptimization\FinalOptimization\Debug\Entry.obj
E:\cpp_projects\FinalOptimization\FinalOptimization\Debug\FinalOptimization.obj
E:\cpp_projects\FinalOptimization\FinalOptimization\Debug\Game.obj
E:\cpp_projects\FinalOptimization\FinalOptimization\Debug\GameWindow.obj
E:\cpp_projects\FinalOptimization\FinalOptimization\Debug\RasterizerStateManager.obj
E:\cpp_projects\FinalOptimization\FinalOptimization\Debug\ShaderManager.obj
E:\cpp_projects\FinalOptimization\FinalOptimization\Debug\Terrain.obj
E:\cpp_projects\FinalOptimization\FinalOptimization\Debug\TextureManager.obj
E:\cpp_projects\FinalOptimization\FinalOptimization\Debug\cl.command.1.tlog
E:\cpp_projects\FinalOptimization\FinalOptimization\Debug\CL.read.1.tlog
E:\cpp_projects\FinalOptimization\FinalOptimization\Debug\CL.write.1.tlog
E:\cpp_projects\FinalOptimization\FinalOptimization\Debug\link-cvtres.read.1.tlog
E:\cpp_projects\FinalOptimization\FinalOptimization\Debug\link-cvtres.write.1.tlog
E:\cpp_projects\FinalOptimization\FinalOptimization\Debug\link-rc.read.1.tlog
E:\cpp_projects\FinalOptimization\FinalOptimization\Debug\link-rc.write.1.tlog
E:\cpp_projects\FinalOptimization\FinalOptimization\Debug\link.command.1.tlog
E:\cpp_projects\FinalOptimization\FinalOptimization\Debug\link.read.1.tlog
E:\cpp_projects\FinalOptimization\FinalOptimization\Debug\link.write.1.tlog
E:\cpp_projects\FinalOptimization\FinalOptimization\Debug\rc.command.1.tlog
E:\cpp_projects\FinalOptimization\FinalOptimization\Debug\rc.read.1.tlog
E:\cpp_projects\FinalOptimization\FinalOptimization\Debug\rc.write.1.tlog
E:\cpp_projects\FinalOptimization\FinalOptimization\Debug\FinalOptimization.res
E:\cpp_projects\FinalOptimization\FinalOptimization\Debug\vc110.idb
E:\cpp_projects\FinalOptimization\FinalOptimization\Debug\vc110.pdb
E:\cpp_projects\FinalOptimization\Debug\FinalOptimization.pdb
E:\cpp_projects\FinalOptimization\Debug\FinalOptimization.exe
E:\cpp_projects\FinalOptimization\Debug\FinalOptimization.ilk
